

HI-TECH Software PICC Macro Assembler V9.65 build 4410 
                                                      Sat Apr 03 13:51:37 2010


     1                           
     2                           	; HI-TECH C PRO for the PIC10/12/16 MCU family
                                  V9.65
     3                           	; Copyright (C) 1984-2009 HI-TECH Software
     4                           
     5                           	; Auto-generated runtime startup code for fina
                                 l link stage.
     6                           
     7                           	;
     8                           	; Compiler options:
     9                           	;
    10                           	; -ovision.cof -mvision.map --summary=default 
                                 --output=default \
    11                           	; vision.p1 --chip=16F84A -P --runtime=default
                                  --opt=default \
    12                           	; -D__DEBUG=1 -g --asmlist --errformat=Error  
                                  [%n] %f; %l.%c %s \
    13                           	; --msgformat=Advisory[%n] %s --warnformat=War
                                 ning [%n] %f; %l.%c %s
    14                           	;
    15                           
    16                           
    17                           	processor	16F84A
    18                           
    19                           	global	_main,start,_exit,reset_vec
    20                           	fnroot	_main
    21                           	psect	config,class=CONFIG,delta=2
    22                           	psect	idloc,class=IDLOC,delta=2
    23                           	psect	rbss_0,class=BANK0,space=1
    24                           	psect	rbss_1,class=BANK1,space=1
    25                           	psect	rbss_2,class=BANK2,space=1
    26                           	psect	rbss_3,class=BANK3,space=1
    27                           	psect	rdata_0,class=BANK0,space=1
    28                           	psect	rdata_1,class=BANK1,space=1
    29                           	psect	rdata_2,class=BANK2,space=1
    30                           	psect	rdata_3,class=BANK3,space=1
    31                           	psect	nvram,class=BANK0,space=1
    32                           	psect	nvram_1,class=BANK1,space=1
    33                           	psect	nvram_2,class=BANK2,space=1
    34                           	psect	nvram_3,class=BANK3,space=1
    35                           	psect	nvbit_0,class=BANK0,bit,space=1
    36                           	psect	nvbit_1,class=BANK1,bit,space=1
    37                           	psect	nvbit_2,class=BANK2,bit,space=1
    38                           	psect	nvbit_3,class=BANK3,bit,space=1
    39                           	psect	temp,ovrld,class=BANK0,space=1
    40                           	psect	struct,ovrld,class=BANK0,space=1
    41                           	psect	code,class=CODE,delta=2
    42                           	psect	rbit_0,class=BANK0,bit,space=1
    43                           	psect	ptbit_0,class=BANK0,bit,space=1
    44                           	psect	rbit_1,class=BANK1,bit,space=1
    45                           	psect	rbit_2,class=BANK2,bit,space=1
    46                           	psect	rbit_3,class=BANK3,bit,space=1
    47                           	psect	pstrings,class=CODE,delta=2
    48                           	psect	powerup,class=CODE,delta=2
    49                           	psect	reset_vec,class=CODE,delta=2
    50                           	psect	maintext,class=CODE,delta=2
    51  0000                     	C	set	0
    52  0000                     	Z	set	2
    53  0000                     	PCL	set	2
    54  0000                     	INDF	set	0
    55                           
    56                           	psect	fnauto0,class=BANK0,space=1
    57  0000                     	STATUS	equ	3
    58  0000                     	PCLATH	equ	0Ah
    59                           
    60                           	psect	eeprom_data,class=EEDATA,delta=2,space=2
    61                           	psect	idata,class=CODE,delta=2
    62                           	psect	idata_0,class=CODE,delta=2
    63                           	psect	idata_1,class=CODE,delta=2
    64                           	psect	idata_2,class=CODE,delta=2
    65                           	psect	idata_3,class=CODE,delta=2
    66                           	psect	intcode,class=CODE,delta=2
    67                           	psect	intret,class=CODE,delta=2
    68                           	psect	intentry,class=CODE,delta=2
    69                           	global	intlevel0,intlevel1,intlevel2, intlevel
                                 3, intlevel4, intlevel5
    70  0000                     intlevel0:
    71  0000                     intlevel1:
    72  0000                     intlevel2:
    73  0000                     intlevel3:
    74  0000                     intlevel4:
    75  0000                     intlevel5:
    76                           	psect	intsave,class=BANK0,space=1
    77                           	psect	intsave_1,class=BANK1,space=1
    78                           	psect	intsave_2,class=BANK2,space=1
    79                           	psect	intsave_3,class=BANK3,space=1
    80                           	psect	init,class=CODE,delta=2
    81                           	psect	init23,class=CODE,delta=2
    82                           	psect	text,class=CODE,delta=2
    83                           	psect	end_init,class=CODE,delta=2
    84                           	psect	clrtext,class=CODE,delta=2
    85                           	psect	float_text0,class=CODE,delta=2,size=2048
    86                           	psect	float_text1,class=CODE,delta=2,size=2048
    87                           	psect	float_text2,class=CODE,delta=2,size=2048
    88                           	psect	float_text3,class=CODE,delta=2,size=2048
    89                           	psect	float_text4,class=CODE,delta=2,size=2048
    90  0000                     	FSR	set	4
    91                           	psect	strings,class=CODE,delta=2,reloc=256
    92                           
    93                           	psect	reset_vec
    94  0000                     reset_vec:
    95                           	; No powerup routine
    96                           	; No interrupt routine
    97                           
    98                           
    99                           	psect	init
   100  0000                     start
   101  0000                     _exit
   102                           
   103                           ;----------------------------------------------
                                 ---------------------------------
   104                           ;		Clear (zero) uninitialized global variables
   105                           
   106                           ;	2 bytes of RAM objects in bank 0 to zero
   107                           
   108                           	psect	init
   109                           	global	__Lrbss_0
   110  0000  304C               	movlw	low(__Lrbss_0)		;load the low address in
                                 to FSR
   111  0001  0084               	movwf	FSR
   112  0002  304E               	movlw	low(__Lrbss_0+2)		;load the high address
                                 +1 into W
   113  0003  2005               	fcall	clear_ram		;go and zero that range of ad
                                 dresses
   114                           
   115                           	psect	clrtext,class=CODE,delta=2
   116                           	global	clear_ram
   117                           ;	Called with FSR containing the base address, 
                                 and
   118                           ;	W with the last address+1
   119  0005                     clear_ram:
   120  0005  0064               	clrwdt			;clear the watchdog before getting in
                                 to this loop
   121  0006                     clrloop:
   122  0006  0180               	clrf	INDF		;clear RAM location pointed to by F
                                 SR
   123  0007  0A84               	incf	FSR,f		;increment pointer to next locatio
                                 n
   124  0008  0604               	xorwf	FSR,w		;XOR with final address
   125  0009  1903               	btfsc	STATUS,2	;have we reached the end yet?
   126  000A  3400               	retlw	0		;all done for this bank, return
   127  000B  0604               	xorwf	FSR,w		;XOR again to restore value
   128  000C  2806               	goto	clrloop		;go and do the next byte
   129                           
   130                           ;	No RAM objects to clear in bank 1
   131                           ;	No RAM objects to clear in bank 2
   132                           ;	No RAM objects to clear in bank 3
   133                           
   134                           ;----------------------------------------------
                                 ---------------------------------
   135                           	psect	end_init
   136  0004  280D               	ljmp _main


HI-TECH Software PICC Macro Assembler V9.65 build 4410 
Symbol Table                                          Sat Apr 03 13:51:37 2010

  __Lrbss_0 004C          FSR 0004         INDF 0000        _main 000D  
      _exit 0000        start 0000    clear_ram 0005       STATUS 0003  
  intlevel0 0000    intlevel1 0000    intlevel2 0000    intlevel3 0000  
  intlevel4 0000    intlevel5 0000    reset_vec 0000      clrloop 0006  
